# Synopsys Constraint Checker, version mapact, Build 2172R, built Oct 30 2017
# Copyright (C) 1994-2017 Synopsys, Inc. This Synopsys software and all associated documentation are proprietary to Synopsys, Inc. and may only be used pursuant to the terms and conditions of a written license agreement with Synopsys, Inc. All other use, reproduction, modification, or distribution of the Synopsys software or the associated documentation is strictly prohibited.

# Written on Wed Jan 16 10:03:17 2019


##### DESIGN INFO #######################################################

Top View:                "cdh_tsat5_system"
Constraint File(s):      "C:\Work\UMSATS\TSAT5\Libero\cdh-tsat5-libero\designer\cdh_tsat5_system\synthesis.fdc"




##### SUMMARY ############################################################

Found 0 issues in 0 out of 0 constraints


##### DETAILS ############################################################



Clock Relationships
*******************

Starting                                                               Ending                                                                 |     rise to rise     |     fall to fall     |     rise to fall     |     fall to rise                     
---------------------------------------------------------------------------------------------------------------------------------------------------------------------------------------------------------------------------------------------------------
cdh_tsat5_system_sb_CCC_0_FCCC|GL0_net_inferred_clock                  cdh_tsat5_system_sb_CCC_0_FCCC|GL0_net_inferred_clock                  |     10.000           |     No paths         |     No paths         |     No paths                         
cdh_tsat5_system_sb_CCC_0_FCCC|GL0_net_inferred_clock                  cdh_tsat5_system_sb_FABOSC_0_OSC|RCOSC_25_50MHZ_CCC_inferred_clock     |     Diff grp         |     No paths         |     No paths         |     No paths                         
cdh_tsat5_system_sb_FABOSC_0_OSC|RCOSC_25_50MHZ_CCC_inferred_clock     cdh_tsat5_system_sb_CCC_0_FCCC|GL0_net_inferred_clock                  |     Diff grp         |     No paths         |     No paths         |     No paths                         
cdh_tsat5_system_sb_FABOSC_0_OSC|RCOSC_25_50MHZ_CCC_inferred_clock     cdh_tsat5_system_sb_FABOSC_0_OSC|RCOSC_25_50MHZ_CCC_inferred_clock     |     10.000           |     No paths         |     No paths         |     No paths                         
=========================================================================================================================================================================================================================================================
 Note: 'No paths' indicates there are no paths in the design for that pair of clock edges.
       'Diff grp' indicates that paths exist but the starting clock and ending clock are in different clock groups.


Unconstrained Start/End Points
******************************

p:DEVRST_N
p:GPIO_0_M2F
p:GPIO_1_M2F
p:GPIO_2_M2F
p:GPIO_3_M2F
p:GPIO_4_M2F
p:GPIO_5_M2F
p:GPIO_6_M2F
p:GPIO_7_M2F
p:MMUART_0_RXD_F2M
p:MMUART_0_TXD_M2F


Inapplicable constraints
************************

(none)


Applicable constraints with issues
**********************************

(none)


Constraints with matching wildcard expressions
**********************************************

(none)


Library Report
**************


# End of Constraint Checker Report
