*****************************************************************
Pin Report - Date: Wed Jan 16 10:08:43 2019 Pinchecksum: NOT-AVAILABLE
Product: Designer
Release: v11.9 SP2
Version: 11.9.2.1
Design Name: cdh_tsat5_system
Family: SmartFusion2
Die: M2S010
Package: 144 TQ
*****************************************************************

Port             |Pin |Fixed |Function   |Bank     |I/O Std   |Direction                      |I/O state in Flash*Freeze mode |Resistor Pull                      |I/O available in Flash*Freeze mode |Schmitt Trigger |Odt_Static    |Odt Imp (Ohm)  |Low Power Exit |Input Delay |Slew         |Pre-Emphasis      |Output Drive (mA) |Output Load (pF) |
-----------------|----|------|-----------|---------|----------|-------------------------------|-------------------------------|-----------------------------------|-----------------------------------|----------------|--------------|---------------|---------------|------------|-------------|------------------|------------------|-----------------|
DEVRST_N          72   Fixed  DEVRST_N    ---       
GPIO_0_M2F        117  Yes    DDRIO37NB0  Bank0     LVCMOS25   Output                          TRISTATE                        None                                No                                  ---              ---            ---             ---             ---          SLOW          ---                4                  5                 
GPIO_1_M2F        118  Yes    DDRIO37PB0  Bank0     LVCMOS25   Output                          TRISTATE                        None                                No                                  ---              ---            ---             ---             ---          SLOW          ---                4                  5                 
GPIO_2_M2F        122  Yes    DDRIO43NB0  Bank0     LVCMOS25   Output                          TRISTATE                        None                                No                                  ---              ---            ---             ---             ---          SLOW          ---                4                  5                 
GPIO_3_M2F        123  Yes    DDRIO43PB0  Bank0     LVCMOS25   Output                          TRISTATE                        None                                No                                  ---              ---            ---             ---             ---          SLOW          ---                4                  5                 
GPIO_4_M2F        124  Yes    DDRIO44NB0  Bank0     LVCMOS25   Output                          TRISTATE                        None                                No                                  ---              ---            ---             ---             ---          SLOW          ---                4                  5                 
GPIO_5_M2F        125  Yes    DDRIO44PB0  Bank0     LVCMOS25   Output                          TRISTATE                        None                                No                                  ---              ---            ---             ---             ---          SLOW          ---                4                  5                 
GPIO_6_M2F        128  Yes    DDRIO47NB0  Bank0     LVCMOS25   Output                          TRISTATE                        None                                No                                  ---              ---            ---             ---             ---          SLOW          ---                4                  5                 
GPIO_7_M2F        129  Yes    DDRIO47PB0  Bank0     LVCMOS25   Output                          TRISTATE                        None                                No                                  ---              ---            ---             ---             ---          SLOW          ---                4                  5                 
MMUART_0_RXD_F2M  1    Yes    MSIO64NB7   Bank7     LVCMOS25   Input                           TRISTATE                        None                                No                                  Off              ---            ---             Off             Off          ---           ---                ---                ---               
MMUART_0_TXD_M2F  2    Yes    MSIO64PB7   Bank7     LVCMOS25   Output                          TRISTATE                        None                                No                                  ---              ---            ---             ---             ---          SLOW          ---                4                  5                 
