*****************************************************************
Pin Report - Date: Thu Apr 18 16:05:47 2019 Pinchecksum: NOT-AVAILABLE
Product: Designer
Release: v11.9 SP2
Version: 11.9.2.1
Design Name: cdh_tsat5_system
Family: SmartFusion2
Die: M2S010
Package: 144 TQ
*****************************************************************

Port             |Pin |Fixed |Function                     |Bank     |I/O Std   |Direction                      |I/O state in Flash*Freeze mode |Resistor Pull                      |I/O available in Flash*Freeze mode |Schmitt Trigger |Odt_Static    |Odt Imp (Ohm)  |Low Power Exit |Input Delay |Slew         |Pre-Emphasis      |Output Drive (mA) |Output Load (pF) |
-----------------|----|------|-----------------------------|---------|----------|-------------------------------|-------------------------------|-----------------------------------|-----------------------------------|----------------|--------------|---------------|---------------|------------|-------------|------------------|------------------|-----------------|
CAN_RX_F2M        92   Yes    MSIO5PB2/USB_DATA4_B          Bank2     LVCMOS25   Input                           TRISTATE                        None                                No                                  Off              ---            ---             Off             Off          ---           ---                ---                ---               
CAN_TX_M2F        94   Yes    MSIO6PB2/USB_DATA6_B          Bank2     LVCMOS25   Output                          TRISTATE                        None                                No                                  ---              ---            ---             ---             ---          SLOW          ---                4                  5                 
DEVRST_N          72   Fixed  DEVRST_N                      ---       
GPIO_0_M2F        117  Yes    DDRIO37NB0                    Bank0     LVCMOS25   Output                          TRISTATE                        None                                No                                  ---              ---            ---             ---             ---          SLOW          ---                4                  5                 
GPIO_1_M2F        118  Yes    DDRIO37PB0                    Bank0     LVCMOS25   Output                          TRISTATE                        None                                No                                  ---              ---            ---             ---             ---          SLOW          ---                4                  5                 
GPIO_3_M2F        123  Yes    DDRIO43PB0                    Bank0     LVCMOS25   Output                          TRISTATE                        None                                No                                  ---              ---            ---             ---             ---          SLOW          ---                4                  5                 
GPIO_5_M2F        125  Yes    DDRIO44PB0                    Bank0     LVCMOS25   Output                          TRISTATE                        None                                No                                  ---              ---            ---             ---             ---          SLOW          ---                4                  5                 
GPIO_6_M2F        128  Yes    DDRIO47NB0                    Bank0     LVCMOS25   Output                          TRISTATE                        None                                No                                  ---              ---            ---             ---             ---          SLOW          ---                4                  5                 
GPIO_7_M2F        129  Yes    DDRIO47PB0                    Bank0     LVCMOS25   Output                          TRISTATE                        None                                No                                  ---              ---            ---             ---             ---          SLOW          ---                4                  5                 
GPIO_8_M2F        8    Yes    MSIO71PB7                     Bank7     LVCMOS25   Output                          TRISTATE                        None                                No                                  ---              ---            ---             ---             ---          SLOW          ---                4                  5                 
GPIO_9_M2F        9    Yes    MSIO72NB7                     Bank7     LVCMOS25   Output                          TRISTATE                        None                                No                                  ---              ---            ---             ---             ---          SLOW          ---                4                  5                 
GPIO_10_M2F       13   Yes    MSIO76NB7                     Bank7     LVCMOS25   Output                          TRISTATE                        None                                No                                  ---              ---            ---             ---             ---          SLOW          ---                4                  5                 
GPIO_11_M2F       14   Yes    MSIO76PB7                     Bank7     LVCMOS25   Output                          TRISTATE                        None                                No                                  ---              ---            ---             ---             ---          SLOW          ---                4                  5                 
m_miso            22   Yes    MSIO81PB7                     Bank7     LVCMOS25   Input                           TRISTATE                        None                                No                                  Off              ---            ---             Off             Off          ---           ---                ---                ---               
m_mosi            21   Yes    MSIO81NB7                     Bank7     LVCMOS25   Output                          TRISTATE                        None                                No                                  ---              ---            ---             ---             ---          SLOW          ---                4                  5                 
m_sck             16   Yes    MSIO77PB7                     Bank7     LVCMOS25   Output                          TRISTATE                        None                                No                                  ---              ---            ---             ---             ---          SLOW          ---                4                  5                 
m_ss[0]           10   Yes    MSIO73NB7                     Bank7     LVCMOS25   Output                          TRISTATE                        None                                No                                  ---              ---            ---             ---             ---          SLOW          ---                4                  5                 
m_ss[1]           91   No     MSIO4NB2/USB_DATA3_B          Bank2     LVCMOS25   Output                          TRISTATE                        None                                No                                  ---              ---            ---             ---             ---          SLOW          ---                4                  5                 
m_ss[2]           103  No     MSIO13NB2/SPI_0_SS0/GPIO_7_A  Bank2     LVCMOS25   Output                          TRISTATE                        None                                No                                  ---              ---            ---             ---             ---          SLOW          ---                4                  5                 
m_ss[3]           101  No     MSIO12NB2/SPI_0_SDI/GPIO_5_A  Bank2     LVCMOS25   Output                          TRISTATE                        None                                No                                  ---              ---            ---             ---             ---          SLOW          ---                4                  5                 
m_ss[4]           102  No     MSIO13PB2/SPI_0_SDO/GPIO_6_A  Bank2     LVCMOS25   Output                          TRISTATE                        None                                No                                  ---              ---            ---             ---             ---          SLOW          ---                4                  5                 
m_ss[5]           93   No     MSIO5NB2/USB_DATA5_B          Bank2     LVCMOS25   Output                          TRISTATE                        None                                No                                  ---              ---            ---             ---             ---          SLOW          ---                4                  5                 
m_ss[6]           87   No     MSIO2NB2/USB_NXT_B            Bank2     LVCMOS25   Output                          TRISTATE                        None                                No                                  ---              ---            ---             ---             ---          SLOW          ---                4                  5                 
m_ss[7]           100  No     MSIO12PB2/SPI_0_CLK           Bank2     LVCMOS25   Output                          TRISTATE                        None                                No                                  ---              ---            ---             ---             ---          SLOW          ---                4                  5                 
MMUART_0_RXD_F2M  1    Yes    MSIO64NB7                     Bank7     LVCMOS25   Input                           TRISTATE                        None                                No                                  Off              ---            ---             Off             Off          ---           ---                ---                ---               
MMUART_0_TXD_M2F  2    Yes    MSIO64PB7                     Bank7     LVCMOS25   Output                          TRISTATE                        None                                No                                  ---              ---            ---             ---             ---          SLOW          ---                4                  5                 
