Software Version: 11.9.2.1
Embedded FlashPro5 programmer detected.
programmer 'E2001XEMK7' : FlashPro5
Opened 'C:\Work\UMSATS\TSAT5\external_mram_integration\cdh-tsat5\cdh-tsat5-libero\designer\cdh_tsat5_system\cdh_tsat5_system_fp\cdh_tsat5_system.pro'
The 'open_project' command succeeded.
IPD file 'C:/Work/UMSATS/TSAT5/external_mram_integration/cdh-tsat5/cdh-tsat5-libero/designer/cdh_tsat5_system/cdh_tsat5_system.ipd' has been loaded successfully.
DESIGN : cdh_tsat5_system;  CHECKSUM : 4F5C;  PDB_VERSION : 1.9
The 'set_programming_file' command succeeded.
Warning: Programming is already enabled for device 'M2S010'.
The 'enable_device' command succeeded.
The 'set_programming_action' command succeeded.
programmer 'E2001XEMK7' : Scan Chain...
programmer 'E2001XEMK7' : Check Chain...
programmer 'E2001XEMK7' : Scan and Check Chain PASSED.
programmer 'E2001XEMK7' : device 'M2S010' : Executing action PROGRAM
programmer 'E2001XEMK7' : device 'M2S010' : Family: Igloo2
programmer 'E2001XEMK7' : device 'M2S010' : Product:      M2GL005
programmer 'E2001XEMK7' : device 'M2S010' : EXPORT ISC_ENABLE_RESULT[32] = 00766544
programmer 'E2001XEMK7' : device 'M2S010' : EXPORT CRCERR[1] = 0
programmer 'E2001XEMK7' : device 'M2S010' : EXPORT EDCERR[1] = 0
programmer 'E2001XEMK7' : device 'M2S010' : Programming FPGA Array...
programmer 'E2001XEMK7' : device 'M2S010' : ===================================================================================
programmer 'E2001XEMK7' : device 'M2S010' : EXPORT DSN[128] = a0fdfdc727620712a7464d8ccb759ec2
programmer 'E2001XEMK7' : device 'M2S010' : ===================================================================================
programmer 'E2001XEMK7' : device 'M2S010' : Finished: Sun Aug 11 11:20:11 2019 (Elapsed time 00:00:22)
programmer 'E2001XEMK7' : device 'M2S010' : Executing action PROGRAM PASSED.
programmer 'E2001XEMK7' : Chain programming PASSED.
Chain Programming Finished: Sun Aug 11 11:20:11 2019 (Elapsed time 00:00:22)

                        o - o - o - o - o - o

The 'run_selected_actions' command succeeded.
The 'set_programming_file' command succeeded.
Project saved.
The 'save_project' command succeeded.
Project closed.
